<?xml version="1.0" encoding="UTF-8"?>
<!-- Generated by org.testng.reporters.JUnitReportReporter -->
<testsuite hostname="Dominic-Malile" failures="0" tests="3" name="toqio.TestCases.SubmitOrderTest" time="165.887" errors="0" timestamp="2023-02-08T18:20:58 EAT" skipped="0">
  <testcase classname="toqio.TestCases.SubmitOrderTest" name="OrderHistoryTest" time="61.795"/>
  <system-out/>
  <testcase classname="toqio.TestCases.SubmitOrderTest" name="submitOrder" time="46.153"/>
  <system-out/>
  <testcase classname="toqio.TestCases.SubmitOrderTest" name="submitOrder" time="57.939"/>
  <system-out/>
</testsuite> <!-- toqio.TestCases.SubmitOrderTest -->
