<?xml version="1.0" encoding="UTF-8"?>
<!-- Generated by org.testng.reporters.JUnitReportReporter -->
<testsuite hostname="Dominic-Malile" failures="0" tests="1" name="toqio.TestCases.Test2" time="42.789" errors="0" timestamp="2023-02-06T22:46:58 EAT" skipped="0">
  <testcase classname="toqio.TestCases.Test2" name="submitOrder" time="42.789"/>
  <system-out/>
</testsuite> <!-- toqio.TestCases.Test2 -->
