<?xml version="1.0" encoding="UTF-8"?>
<!-- Generated by org.testng.reporters.JUnitReportReporter -->
<testsuite hostname="Dominic-Malile" failures="0" tests="2" name="toqio.TestCases.SubmitOrderTest" time="100.184" errors="0" timestamp="2023-02-10T00:35:10 EAT" skipped="0">
  <testcase classname="toqio.TestCases.SubmitOrderTest" name="submitOrder" time="42.776"/>
  <system-out/>
  <testcase classname="toqio.TestCases.SubmitOrderTest" name="submitOrder" time="57.408"/>
  <system-out/>
</testsuite> <!-- toqio.TestCases.SubmitOrderTest -->
